<?xml version="1.0" encoding="UTF-8"?>
<testsuite name="no.hvl.experiment1.APITests" tests="8" skipped="0" failures="1" errors="0" timestamp="2024-09-05T18:34:32" hostname="T" time="2.384">
  <properties/>
  <testcase name="testCreateUser()" classname="no.hvl.experiment1.APITests" time="2.119"/>
  <testcase name="testListUsers()" classname="no.hvl.experiment1.APITests" time="0.072"/>
  <testcase name="testCreateAnotherUser()" classname="no.hvl.experiment1.APITests" time="0.03"/>
  <testcase name="testListUsersAgain()" classname="no.hvl.experiment1.APITests" time="0.027"/>
  <testcase name="testUserCreatesPoll()" classname="no.hvl.experiment1.APITests" time="0.034"/>
  <testcase name="testListPolls()" classname="no.hvl.experiment1.APITests" time="0.023"/>
  <testcase name="testCreatePollAndVoteOptions()" classname="no.hvl.experiment1.APITests" time="0.042"/>
  <testcase name="testUserVotesOnPoll()" classname="no.hvl.experiment1.APITests" time="0.028">
    <failure message="java.lang.AssertionError: 1 expectation failed.&#10;Expected status code &lt;200&gt; but was &lt;201&gt;.&#10;" type="java.lang.AssertionError">java.lang.AssertionError: 1 expectation failed.
Expected status code &lt;200&gt; but was &lt;201&gt;.

	at java.base/jdk.internal.reflect.DirectConstructorHandleAccessor.newInstance(DirectConstructorHandleAccessor.java:62)
	at java.base/java.lang.reflect.Constructor.newInstanceWithCaller(Constructor.java:502)
	at java.base/java.lang.reflect.Constructor.newInstance(Constructor.java:486)
	at org.codehaus.groovy.reflection.CachedConstructor.invoke(CachedConstructor.java:73)
	at org.codehaus.groovy.runtime.callsite.ConstructorSite$ConstructorSiteNoUnwrapNoCoerce.callConstructor(ConstructorSite.java:108)
	at org.codehaus.groovy.runtime.callsite.CallSiteArray.defaultCallConstructor(CallSiteArray.java:57)
	at org.codehaus.groovy.runtime.callsite.AbstractCallSite.callConstructor(AbstractCallSite.java:263)
	at org.codehaus.groovy.runtime.callsite.AbstractCallSite.callConstructor(AbstractCallSite.java:277)
	at io.restassured.internal.ResponseSpecificationImpl$HamcrestAssertionClosure.validate(ResponseSpecificationImpl.groovy:505)
	at io.restassured.internal.ResponseSpecificationImpl$HamcrestAssertionClosure$validate$1.call(Unknown Source)
	at io.restassured.internal.ResponseSpecificationImpl.validateResponseIfRequired(ResponseSpecificationImpl.groovy:687)
	at io.restassured.internal.ResponseSpecificationImpl.this$2$validateResponseIfRequired(ResponseSpecificationImpl.groovy)
	at java.base/jdk.internal.reflect.DirectMethodHandleAccessor.invoke(DirectMethodHandleAccessor.java:103)
	at java.base/java.lang.reflect.Method.invoke(Method.java:580)
	at org.codehaus.groovy.runtime.callsite.PlainObjectMetaMethodSite.doInvoke(PlainObjectMetaMethodSite.java:43)
	at org.codehaus.groovy.runtime.callsite.PogoMetaMethodSite$PogoCachedMethodSiteNoUnwrapNoCoerce.invoke(PogoMetaMethodSite.java:198)
	at org.codehaus.groovy.runtime.callsite.PogoMetaMethodSite.callCurrent(PogoMetaMethodSite.java:62)
	at org.codehaus.groovy.runtime.callsite.AbstractCallSite.callCurrent(AbstractCallSite.java:185)
	at io.restassured.internal.ResponseSpecificationImpl.statusCode(ResponseSpecificationImpl.groovy:128)
	at io.restassured.specification.ResponseSpecification$statusCode$0.callCurrent(Unknown Source)
	at io.restassured.internal.ResponseSpecificationImpl.statusCode(ResponseSpecificationImpl.groovy:136)
	at io.restassured.internal.ValidatableResponseOptionsImpl.statusCode(ValidatableResponseOptionsImpl.java:89)
	at no.hvl.experiment1.APITests.testUserVotesOnPoll(APITests.java:135)
	at java.base/jdk.internal.reflect.DirectMethodHandleAccessor.invoke(DirectMethodHandleAccessor.java:103)
	at java.base/java.lang.reflect.Method.invoke(Method.java:580)
	at org.junit.platform.commons.util.ReflectionUtils.invokeMethod(ReflectionUtils.java:727)
	at org.junit.jupiter.engine.execution.MethodInvocation.proceed(MethodInvocation.java:60)
	at org.junit.jupiter.engine.execution.InvocationInterceptorChain$ValidatingInvocation.proceed(InvocationInterceptorChain.java:131)
	at org.junit.jupiter.engine.extension.TimeoutExtension.intercept(TimeoutExtension.java:156)
	at org.junit.jupiter.engine.extension.TimeoutExtension.interceptTestableMethod(TimeoutExtension.java:147)
	at org.junit.jupiter.engine.extension.TimeoutExtension.interceptTestMethod(TimeoutExtension.java:86)
	at org.junit.jupiter.engine.execution.InterceptingExecutableInvoker$ReflectiveInterceptorCall.lambda$ofVoidMethod$0(InterceptingExecutableInvoker.java:103)
	at org.junit.jupiter.engine.execution.InterceptingExecutableInvoker.lambda$invoke$0(InterceptingExecutableInvoker.java:93)
	at org.junit.jupiter.engine.execution.InvocationInterceptorChain$InterceptedInvocation.proceed(InvocationInterceptorChain.java:106)
	at org.junit.jupiter.engine.execution.InvocationInterceptorChain.proceed(InvocationInterceptorChain.java:64)
	at org.junit.jupiter.engine.execution.InvocationInterceptorChain.chainAndInvoke(InvocationInterceptorChain.java:45)
	at org.junit.jupiter.engine.execution.InvocationInterceptorChain.invoke(InvocationInterceptorChain.java:37)
	at org.junit.jupiter.engine.execution.InterceptingExecutableInvoker.invoke(InterceptingExecutableInvoker.java:92)
	at org.junit.jupiter.engine.execution.InterceptingExecutableInvoker.invoke(InterceptingExecutableInvoker.java:86)
	at org.junit.jupiter.engine.descriptor.TestMethodTestDescriptor.lambda$invokeTestMethod$7(TestMethodTestDescriptor.java:217)
	at org.junit.platform.engine.support.hierarchical.ThrowableCollector.execute(ThrowableCollector.java:73)
	at org.junit.jupiter.engine.descriptor.TestMethodTestDescriptor.invokeTestMethod(TestMethodTestDescriptor.java:213)
	at org.junit.jupiter.engine.descriptor.TestMethodTestDescriptor.execute(TestMethodTestDescriptor.java:138)
	at org.junit.jupiter.engine.descriptor.TestMethodTestDescriptor.execute(TestMethodTestDescriptor.java:68)
	at org.junit.platform.engine.support.hierarchical.NodeTestTask.lambda$executeRecursively$6(NodeTestTask.java:151)
	at org.junit.platform.engine.support.hierarchical.ThrowableCollector.execute(ThrowableCollector.java:73)
	at org.junit.platform.engine.support.hierarchical.NodeTestTask.lambda$executeRecursively$8(NodeTestTask.java:141)
	at org.junit.platform.engine.support.hierarchical.Node.around(Node.java:137)
	at org.junit.platform.engine.support.hierarchical.NodeTestTask.lambda$executeRecursively$9(NodeTestTask.java:139)
	at org.junit.platform.engine.support.hierarchical.ThrowableCollector.execute(ThrowableCollector.java:73)
	at org.junit.platform.engine.support.hierarchical.NodeTestTask.executeRecursively(NodeTestTask.java:138)
	at org.junit.platform.engine.support.hierarchical.NodeTestTask.execute(NodeTestTask.java:95)
	at java.base/java.util.ArrayList.forEach(ArrayList.java:1596)
	at org.junit.platform.engine.support.hierarchical.SameThreadHierarchicalTestExecutorService.invokeAll(SameThreadHierarchicalTestExecutorService.java:41)
	at org.junit.platform.engine.support.hierarchical.NodeTestTask.lambda$executeRecursively$6(NodeTestTask.java:155)
	at org.junit.platform.engine.support.hierarchical.ThrowableCollector.execute(ThrowableCollector.java:73)
	at org.junit.platform.engine.support.hierarchical.NodeTestTask.lambda$executeRecursively$8(NodeTestTask.java:141)
	at org.junit.platform.engine.support.hierarchical.Node.around(Node.java:137)
	at org.junit.platform.engine.support.hierarchical.NodeTestTask.lambda$executeRecursively$9(NodeTestTask.java:139)
	at org.junit.platform.engine.support.hierarchical.ThrowableCollector.execute(ThrowableCollector.java:73)
	at org.junit.platform.engine.support.hierarchical.NodeTestTask.executeRecursively(NodeTestTask.java:138)
	at org.junit.platform.engine.support.hierarchical.NodeTestTask.execute(NodeTestTask.java:95)
	at java.base/java.util.ArrayList.forEach(ArrayList.java:1596)
	at org.junit.platform.engine.support.hierarchical.SameThreadHierarchicalTestExecutorService.invokeAll(SameThreadHierarchicalTestExecutorService.java:41)
	at org.junit.platform.engine.support.hierarchical.NodeTestTask.lambda$executeRecursively$6(NodeTestTask.java:155)
	at org.junit.platform.engine.support.hierarchical.ThrowableCollector.execute(ThrowableCollector.java:73)
	at org.junit.platform.engine.support.hierarchical.NodeTestTask.lambda$executeRecursively$8(NodeTestTask.java:141)
	at org.junit.platform.engine.support.hierarchical.Node.around(Node.java:137)
	at org.junit.platform.engine.support.hierarchical.NodeTestTask.lambda$executeRecursively$9(NodeTestTask.java:139)
	at org.junit.platform.engine.support.hierarchical.ThrowableCollector.execute(ThrowableCollector.java:73)
	at org.junit.platform.engine.support.hierarchical.NodeTestTask.executeRecursively(NodeTestTask.java:138)
	at org.junit.platform.engine.support.hierarchical.NodeTestTask.execute(NodeTestTask.java:95)
	at org.junit.platform.engine.support.hierarchical.SameThreadHierarchicalTestExecutorService.submit(SameThreadHierarchicalTestExecutorService.java:35)
	at org.junit.platform.engine.support.hierarchical.HierarchicalTestExecutor.execute(HierarchicalTestExecutor.java:57)
	at org.junit.platform.engine.support.hierarchical.HierarchicalTestEngine.execute(HierarchicalTestEngine.java:54)
	at org.junit.platform.launcher.core.EngineExecutionOrchestrator.execute(EngineExecutionOrchestrator.java:107)
	at org.junit.platform.launcher.core.EngineExecutionOrchestrator.execute(EngineExecutionOrchestrator.java:88)
	at org.junit.platform.launcher.core.EngineExecutionOrchestrator.lambda$execute$0(EngineExecutionOrchestrator.java:54)
	at org.junit.platform.launcher.core.EngineExecutionOrchestrator.withInterceptedStreams(EngineExecutionOrchestrator.java:67)
	at org.junit.platform.launcher.core.EngineExecutionOrchestrator.execute(EngineExecutionOrchestrator.java:52)
	at org.junit.platform.launcher.core.DefaultLauncher.execute(DefaultLauncher.java:114)
	at org.junit.platform.launcher.core.DefaultLauncher.execute(DefaultLauncher.java:86)
	at org.junit.platform.launcher.core.DefaultLauncherSession$DelegatingLauncher.execute(DefaultLauncherSession.java:86)
	at org.gradle.api.internal.tasks.testing.junitplatform.JUnitPlatformTestClassProcessor$CollectAllTestClassesExecutor.processAllTestClasses(JUnitPlatformTestClassProcessor.java:119)
	at org.gradle.api.internal.tasks.testing.junitplatform.JUnitPlatformTestClassProcessor$CollectAllTestClassesExecutor.access$000(JUnitPlatformTestClassProcessor.java:94)
	at org.gradle.api.internal.tasks.testing.junitplatform.JUnitPlatformTestClassProcessor.stop(JUnitPlatformTestClassProcessor.java:89)
	at org.gradle.api.internal.tasks.testing.SuiteTestClassProcessor.stop(SuiteTestClassProcessor.java:62)
	at java.base/jdk.internal.reflect.DirectMethodHandleAccessor.invoke(DirectMethodHandleAccessor.java:103)
	at java.base/java.lang.reflect.Method.invoke(Method.java:580)
	at org.gradle.internal.dispatch.ReflectionDispatch.dispatch(ReflectionDispatch.java:36)
	at org.gradle.internal.dispatch.ReflectionDispatch.dispatch(ReflectionDispatch.java:24)
	at org.gradle.internal.dispatch.ContextClassLoaderDispatch.dispatch(ContextClassLoaderDispatch.java:33)
	at org.gradle.internal.dispatch.ProxyDispatchAdapter$DispatchingInvocationHandler.invoke(ProxyDispatchAdapter.java:94)
	at jdk.proxy1/jdk.proxy1.$Proxy2.stop(Unknown Source)
	at org.gradle.api.internal.tasks.testing.worker.TestWorker$3.run(TestWorker.java:193)
	at org.gradle.api.internal.tasks.testing.worker.TestWorker.executeAndMaintainThreadName(TestWorker.java:129)
	at org.gradle.api.internal.tasks.testing.worker.TestWorker.execute(TestWorker.java:100)
	at org.gradle.api.internal.tasks.testing.worker.TestWorker.execute(TestWorker.java:60)
	at org.gradle.process.internal.worker.child.ActionExecutionWorker.execute(ActionExecutionWorker.java:56)
	at org.gradle.process.internal.worker.child.SystemApplicationClassLoaderWorker.call(SystemApplicationClassLoaderWorker.java:119)
	at org.gradle.process.internal.worker.child.SystemApplicationClassLoaderWorker.call(SystemApplicationClassLoaderWorker.java:66)
	at worker.org.gradle.process.internal.worker.GradleWorkerMain.run(GradleWorkerMain.java:69)
	at worker.org.gradle.process.internal.worker.GradleWorkerMain.main(GradleWorkerMain.java:74)
</failure>
  </testcase>
  <system-out><![CDATA[20:34:33.823 [Test worker] DEBUG org.apache.http.impl.conn.BasicClientConnectionManager - Get connection for route {}->http://localhost:8080
20:34:33.840 [Test worker] DEBUG org.apache.http.impl.conn.DefaultClientConnectionOperator - Connecting to localhost:8080
20:34:33.852 [Test worker] DEBUG org.apache.http.client.protocol.RequestAddCookies - CookieSpec selected: ignoreCookies
20:34:33.856 [Test worker] DEBUG org.apache.http.client.protocol.RequestAuthCache - Auth cache not set in the context
20:34:33.856 [Test worker] DEBUG org.apache.http.client.protocol.RequestTargetAuthentication - Target auth state: UNCHALLENGED
20:34:33.856 [Test worker] DEBUG org.apache.http.client.protocol.RequestProxyAuthentication - Proxy auth state: UNCHALLENGED
20:34:33.856 [Test worker] DEBUG org.apache.http.impl.client.DefaultHttpClient - Attempt 1 to execute request
20:34:33.856 [Test worker] DEBUG org.apache.http.impl.conn.DefaultClientConnection - Sending request: POST /users HTTP/1.1
20:34:33.856 [Test worker] DEBUG org.apache.http.wire -  >> "POST /users HTTP/1.1[\r][\n]"
20:34:33.856 [Test worker] DEBUG org.apache.http.wire -  >> "Accept: */*[\r][\n]"
20:34:33.856 [Test worker] DEBUG org.apache.http.wire -  >> "Content-Type: application/json[\r][\n]"
20:34:33.856 [Test worker] DEBUG org.apache.http.wire -  >> "Content-Length: 53[\r][\n]"
20:34:33.856 [Test worker] DEBUG org.apache.http.wire -  >> "Host: localhost:8080[\r][\n]"
20:34:33.856 [Test worker] DEBUG org.apache.http.wire -  >> "Connection: Keep-Alive[\r][\n]"
20:34:33.856 [Test worker] DEBUG org.apache.http.wire -  >> "User-Agent: Apache-HttpClient/4.5.13 (Java/21.0.4)[\r][\n]"
20:34:33.856 [Test worker] DEBUG org.apache.http.wire -  >> "Accept-Encoding: gzip,deflate[\r][\n]"
20:34:33.856 [Test worker] DEBUG org.apache.http.wire -  >> "[\r][\n]"
20:34:33.856 [Test worker] DEBUG org.apache.http.headers - >> POST /users HTTP/1.1
20:34:33.856 [Test worker] DEBUG org.apache.http.headers - >> Accept: */*
20:34:33.856 [Test worker] DEBUG org.apache.http.headers - >> Content-Type: application/json
20:34:33.856 [Test worker] DEBUG org.apache.http.headers - >> Content-Length: 53
20:34:33.856 [Test worker] DEBUG org.apache.http.headers - >> Host: localhost:8080
20:34:33.856 [Test worker] DEBUG org.apache.http.headers - >> Connection: Keep-Alive
20:34:33.856 [Test worker] DEBUG org.apache.http.headers - >> User-Agent: Apache-HttpClient/4.5.13 (Java/21.0.4)
20:34:33.856 [Test worker] DEBUG org.apache.http.headers - >> Accept-Encoding: gzip,deflate
20:34:33.856 [Test worker] DEBUG org.apache.http.wire -  >> "{"username": "testuser", "email": "test@example.com"}"
20:34:33.996 [Test worker] DEBUG org.apache.http.wire -  << "HTTP/1.1 201 [\r][\n]"
20:34:34.000 [Test worker] DEBUG org.apache.http.wire -  << "Content-Type: application/json[\r][\n]"
20:34:34.000 [Test worker] DEBUG org.apache.http.wire -  << "Transfer-Encoding: chunked[\r][\n]"
20:34:34.000 [Test worker] DEBUG org.apache.http.wire -  << "Date: Thu, 05 Sep 2024 18:34:33 GMT[\r][\n]"
20:34:34.000 [Test worker] DEBUG org.apache.http.wire -  << "Keep-Alive: timeout=60[\r][\n]"
20:34:34.000 [Test worker] DEBUG org.apache.http.wire -  << "Connection: keep-alive[\r][\n]"
20:34:34.000 [Test worker] DEBUG org.apache.http.wire -  << "[\r][\n]"
20:34:34.001 [Test worker] DEBUG org.apache.http.impl.conn.DefaultClientConnection - Receiving response: HTTP/1.1 201 
20:34:34.001 [Test worker] DEBUG org.apache.http.headers - << HTTP/1.1 201 
20:34:34.001 [Test worker] DEBUG org.apache.http.headers - << Content-Type: application/json
20:34:34.001 [Test worker] DEBUG org.apache.http.headers - << Transfer-Encoding: chunked
20:34:34.001 [Test worker] DEBUG org.apache.http.headers - << Date: Thu, 05 Sep 2024 18:34:33 GMT
20:34:34.001 [Test worker] DEBUG org.apache.http.headers - << Keep-Alive: timeout=60
20:34:34.001 [Test worker] DEBUG org.apache.http.headers - << Connection: keep-alive
20:34:34.004 [Test worker] DEBUG org.apache.http.impl.client.DefaultHttpClient - Connection can be kept alive for 60000 MILLISECONDS
20:34:34.008 [Test worker] DEBUG io.restassured.internal.RestAssuredHttpBuilder - Parsing response as: application/json
20:34:34.008 [Test worker] DEBUG io.restassured.internal.RestAssuredHttpBuilder - Parsed data to instance of: class org.apache.http.conn.EofSensorInputStream
20:34:34.112 [Test worker] DEBUG org.apache.http.wire -  << "39[\r][\n]"
20:34:34.112 [Test worker] DEBUG org.apache.http.wire -  << "{"id":1,"username":"testuser","email":"test@example.com"}"
20:34:34.112 [Test worker] DEBUG org.apache.http.wire -  << "[\r][\n]"
20:34:34.112 [Test worker] DEBUG org.apache.http.wire -  << "0[\r][\n]"
20:34:34.112 [Test worker] DEBUG org.apache.http.wire -  << "[\r][\n]"
20:34:34.116 [Test worker] DEBUG org.apache.http.impl.conn.BasicClientConnectionManager - Releasing connection org.apache.http.impl.conn.ManagedClientConnectionImpl@7132a9dc
20:34:34.116 [Test worker] DEBUG org.apache.http.impl.conn.BasicClientConnectionManager - Connection can be kept alive for 60000 MILLISECONDS
20:34:34.654 [Test worker] DEBUG org.apache.http.impl.conn.BasicClientConnectionManager - Get connection for route {}->http://localhost:8080
20:34:34.654 [Test worker] DEBUG org.apache.http.impl.conn.DefaultClientConnectionOperator - Connecting to localhost:8080
20:34:34.654 [Test worker] DEBUG org.apache.http.client.protocol.RequestAddCookies - CookieSpec selected: ignoreCookies
20:34:34.658 [Test worker] DEBUG org.apache.http.client.protocol.RequestAuthCache - Auth cache not set in the context
20:34:34.658 [Test worker] DEBUG org.apache.http.client.protocol.RequestTargetAuthentication - Target auth state: UNCHALLENGED
20:34:34.658 [Test worker] DEBUG org.apache.http.client.protocol.RequestProxyAuthentication - Proxy auth state: UNCHALLENGED
20:34:34.658 [Test worker] DEBUG org.apache.http.impl.client.DefaultHttpClient - Attempt 1 to execute request
20:34:34.658 [Test worker] DEBUG org.apache.http.impl.conn.DefaultClientConnection - Sending request: GET /users HTTP/1.1
20:34:34.658 [Test worker] DEBUG org.apache.http.wire -  >> "GET /users HTTP/1.1[\r][\n]"
20:34:34.658 [Test worker] DEBUG org.apache.http.wire -  >> "Accept: */*[\r][\n]"
20:34:34.658 [Test worker] DEBUG org.apache.http.wire -  >> "Host: localhost:8080[\r][\n]"
20:34:34.658 [Test worker] DEBUG org.apache.http.wire -  >> "Connection: Keep-Alive[\r][\n]"
20:34:34.658 [Test worker] DEBUG org.apache.http.wire -  >> "User-Agent: Apache-HttpClient/4.5.13 (Java/21.0.4)[\r][\n]"
20:34:34.658 [Test worker] DEBUG org.apache.http.wire -  >> "Accept-Encoding: gzip,deflate[\r][\n]"
20:34:34.658 [Test worker] DEBUG org.apache.http.wire -  >> "[\r][\n]"
20:34:34.658 [Test worker] DEBUG org.apache.http.headers - >> GET /users HTTP/1.1
20:34:34.658 [Test worker] DEBUG org.apache.http.headers - >> Accept: */*
20:34:34.658 [Test worker] DEBUG org.apache.http.headers - >> Host: localhost:8080
20:34:34.658 [Test worker] DEBUG org.apache.http.headers - >> Connection: Keep-Alive
20:34:34.658 [Test worker] DEBUG org.apache.http.headers - >> User-Agent: Apache-HttpClient/4.5.13 (Java/21.0.4)
20:34:34.658 [Test worker] DEBUG org.apache.http.headers - >> Accept-Encoding: gzip,deflate
20:34:34.662 [Test worker] DEBUG org.apache.http.wire -  << "HTTP/1.1 200 [\r][\n]"
20:34:34.662 [Test worker] DEBUG org.apache.http.wire -  << "Content-Type: application/json[\r][\n]"
20:34:34.662 [Test worker] DEBUG org.apache.http.wire -  << "Transfer-Encoding: chunked[\r][\n]"
20:34:34.662 [Test worker] DEBUG org.apache.http.wire -  << "Date: Thu, 05 Sep 2024 18:34:33 GMT[\r][\n]"
20:34:34.666 [Test worker] DEBUG org.apache.http.wire -  << "Keep-Alive: timeout=60[\r][\n]"
20:34:34.666 [Test worker] DEBUG org.apache.http.wire -  << "Connection: keep-alive[\r][\n]"
20:34:34.666 [Test worker] DEBUG org.apache.http.wire -  << "[\r][\n]"
20:34:34.666 [Test worker] DEBUG org.apache.http.impl.conn.DefaultClientConnection - Receiving response: HTTP/1.1 200 
20:34:34.666 [Test worker] DEBUG org.apache.http.headers - << HTTP/1.1 200 
20:34:34.666 [Test worker] DEBUG org.apache.http.headers - << Content-Type: application/json
20:34:34.666 [Test worker] DEBUG org.apache.http.headers - << Transfer-Encoding: chunked
20:34:34.666 [Test worker] DEBUG org.apache.http.headers - << Date: Thu, 05 Sep 2024 18:34:33 GMT
20:34:34.666 [Test worker] DEBUG org.apache.http.headers - << Keep-Alive: timeout=60
20:34:34.666 [Test worker] DEBUG org.apache.http.headers - << Connection: keep-alive
20:34:34.666 [Test worker] DEBUG org.apache.http.impl.client.DefaultHttpClient - Connection can be kept alive for 60000 MILLISECONDS
20:34:34.666 [Test worker] DEBUG io.restassured.internal.RestAssuredHttpBuilder - Parsing response as: application/json
20:34:34.666 [Test worker] DEBUG io.restassured.internal.RestAssuredHttpBuilder - Parsed data to instance of: class org.apache.http.conn.EofSensorInputStream
20:34:34.674 [Test worker] DEBUG org.apache.http.wire -  << "3b[\r][\n]"
20:34:34.674 [Test worker] DEBUG org.apache.http.wire -  << "[{"id":1,"username":"testuser","email":"test@example.com"}]"
20:34:34.674 [Test worker] DEBUG org.apache.http.wire -  << "[\r][\n]"
20:34:34.674 [Test worker] DEBUG org.apache.http.wire -  << "0[\r][\n]"
20:34:34.674 [Test worker] DEBUG org.apache.http.wire -  << "[\r][\n]"
20:34:34.674 [Test worker] DEBUG org.apache.http.impl.conn.BasicClientConnectionManager - Releasing connection org.apache.http.impl.conn.ManagedClientConnectionImpl@5a515e5d
20:34:34.674 [Test worker] DEBUG org.apache.http.impl.conn.BasicClientConnectionManager - Connection can be kept alive for 60000 MILLISECONDS
20:34:34.714 [Test worker] DEBUG org.apache.http.impl.conn.BasicClientConnectionManager - Get connection for route {}->http://localhost:8080
20:34:34.714 [Test worker] DEBUG org.apache.http.impl.conn.DefaultClientConnectionOperator - Connecting to localhost:8080
20:34:34.714 [Test worker] DEBUG org.apache.http.client.protocol.RequestAddCookies - CookieSpec selected: ignoreCookies
20:34:34.714 [Test worker] DEBUG org.apache.http.client.protocol.RequestAuthCache - Auth cache not set in the context
20:34:34.714 [Test worker] DEBUG org.apache.http.client.protocol.RequestTargetAuthentication - Target auth state: UNCHALLENGED
20:34:34.714 [Test worker] DEBUG org.apache.http.client.protocol.RequestProxyAuthentication - Proxy auth state: UNCHALLENGED
20:34:34.714 [Test worker] DEBUG org.apache.http.impl.client.DefaultHttpClient - Attempt 1 to execute request
20:34:34.714 [Test worker] DEBUG org.apache.http.impl.conn.DefaultClientConnection - Sending request: POST /users HTTP/1.1
20:34:34.714 [Test worker] DEBUG org.apache.http.wire -  >> "POST /users HTTP/1.1[\r][\n]"
20:34:34.714 [Test worker] DEBUG org.apache.http.wire -  >> "Accept: */*[\r][\n]"
20:34:34.714 [Test worker] DEBUG org.apache.http.wire -  >> "Content-Type: application/json[\r][\n]"
20:34:34.714 [Test worker] DEBUG org.apache.http.wire -  >> "Content-Length: 51[\r][\n]"
20:34:34.714 [Test worker] DEBUG org.apache.http.wire -  >> "Host: localhost:8080[\r][\n]"
20:34:34.714 [Test worker] DEBUG org.apache.http.wire -  >> "Connection: Keep-Alive[\r][\n]"
20:34:34.714 [Test worker] DEBUG org.apache.http.wire -  >> "User-Agent: Apache-HttpClient/4.5.13 (Java/21.0.4)[\r][\n]"
20:34:34.714 [Test worker] DEBUG org.apache.http.wire -  >> "Accept-Encoding: gzip,deflate[\r][\n]"
20:34:34.714 [Test worker] DEBUG org.apache.http.wire -  >> "[\r][\n]"
20:34:34.714 [Test worker] DEBUG org.apache.http.headers - >> POST /users HTTP/1.1
20:34:34.714 [Test worker] DEBUG org.apache.http.headers - >> Accept: */*
20:34:34.714 [Test worker] DEBUG org.apache.http.headers - >> Content-Type: application/json
20:34:34.714 [Test worker] DEBUG org.apache.http.headers - >> Content-Length: 51
20:34:34.714 [Test worker] DEBUG org.apache.http.headers - >> Host: localhost:8080
20:34:34.714 [Test worker] DEBUG org.apache.http.headers - >> Connection: Keep-Alive
20:34:34.714 [Test worker] DEBUG org.apache.http.headers - >> User-Agent: Apache-HttpClient/4.5.13 (Java/21.0.4)
20:34:34.714 [Test worker] DEBUG org.apache.http.headers - >> Accept-Encoding: gzip,deflate
20:34:34.714 [Test worker] DEBUG org.apache.http.wire -  >> "{"username": "user2", "email": "user2@example.com"}"
20:34:34.718 [Test worker] DEBUG org.apache.http.wire -  << "HTTP/1.1 201 [\r][\n]"
20:34:34.718 [Test worker] DEBUG org.apache.http.wire -  << "Content-Type: application/json[\r][\n]"
20:34:34.718 [Test worker] DEBUG org.apache.http.wire -  << "Transfer-Encoding: chunked[\r][\n]"
20:34:34.718 [Test worker] DEBUG org.apache.http.wire -  << "Date: Thu, 05 Sep 2024 18:34:33 GMT[\r][\n]"
20:34:34.718 [Test worker] DEBUG org.apache.http.wire -  << "Keep-Alive: timeout=60[\r][\n]"
20:34:34.718 [Test worker] DEBUG org.apache.http.wire -  << "Connection: keep-alive[\r][\n]"
20:34:34.718 [Test worker] DEBUG org.apache.http.wire -  << "[\r][\n]"
20:34:34.718 [Test worker] DEBUG org.apache.http.impl.conn.DefaultClientConnection - Receiving response: HTTP/1.1 201 
20:34:34.718 [Test worker] DEBUG org.apache.http.headers - << HTTP/1.1 201 
20:34:34.718 [Test worker] DEBUG org.apache.http.headers - << Content-Type: application/json
20:34:34.718 [Test worker] DEBUG org.apache.http.headers - << Transfer-Encoding: chunked
20:34:34.718 [Test worker] DEBUG org.apache.http.headers - << Date: Thu, 05 Sep 2024 18:34:33 GMT
20:34:34.718 [Test worker] DEBUG org.apache.http.headers - << Keep-Alive: timeout=60
20:34:34.718 [Test worker] DEBUG org.apache.http.headers - << Connection: keep-alive
20:34:34.718 [Test worker] DEBUG org.apache.http.impl.client.DefaultHttpClient - Connection can be kept alive for 60000 MILLISECONDS
20:34:34.718 [Test worker] DEBUG io.restassured.internal.RestAssuredHttpBuilder - Parsing response as: application/json
20:34:34.718 [Test worker] DEBUG io.restassured.internal.RestAssuredHttpBuilder - Parsed data to instance of: class org.apache.http.conn.EofSensorInputStream
20:34:34.722 [Test worker] DEBUG org.apache.http.wire -  << "37[\r][\n]"
20:34:34.722 [Test worker] DEBUG org.apache.http.wire -  << "{"id":2,"username":"user2","email":"user2@example.com"}"
20:34:34.722 [Test worker] DEBUG org.apache.http.wire -  << "[\r][\n]"
20:34:34.722 [Test worker] DEBUG org.apache.http.wire -  << "0[\r][\n]"
20:34:34.722 [Test worker] DEBUG org.apache.http.wire -  << "[\r][\n]"
20:34:34.722 [Test worker] DEBUG org.apache.http.impl.conn.BasicClientConnectionManager - Releasing connection org.apache.http.impl.conn.ManagedClientConnectionImpl@4dadd690
20:34:34.722 [Test worker] DEBUG org.apache.http.impl.conn.BasicClientConnectionManager - Connection can be kept alive for 60000 MILLISECONDS
20:34:34.742 [Test worker] DEBUG org.apache.http.impl.conn.BasicClientConnectionManager - Get connection for route {}->http://localhost:8080
20:34:34.742 [Test worker] DEBUG org.apache.http.impl.conn.DefaultClientConnectionOperator - Connecting to localhost:8080
20:34:34.742 [Test worker] DEBUG org.apache.http.client.protocol.RequestAddCookies - CookieSpec selected: ignoreCookies
20:34:34.742 [Test worker] DEBUG org.apache.http.client.protocol.RequestAuthCache - Auth cache not set in the context
20:34:34.742 [Test worker] DEBUG org.apache.http.client.protocol.RequestTargetAuthentication - Target auth state: UNCHALLENGED
20:34:34.742 [Test worker] DEBUG org.apache.http.client.protocol.RequestProxyAuthentication - Proxy auth state: UNCHALLENGED
20:34:34.742 [Test worker] DEBUG org.apache.http.impl.client.DefaultHttpClient - Attempt 1 to execute request
20:34:34.742 [Test worker] DEBUG org.apache.http.impl.conn.DefaultClientConnection - Sending request: GET /users HTTP/1.1
20:34:34.742 [Test worker] DEBUG org.apache.http.wire -  >> "GET /users HTTP/1.1[\r][\n]"
20:34:34.742 [Test worker] DEBUG org.apache.http.wire -  >> "Accept: */*[\r][\n]"
20:34:34.742 [Test worker] DEBUG org.apache.http.wire -  >> "Host: localhost:8080[\r][\n]"
20:34:34.742 [Test worker] DEBUG org.apache.http.wire -  >> "Connection: Keep-Alive[\r][\n]"
20:34:34.742 [Test worker] DEBUG org.apache.http.wire -  >> "User-Agent: Apache-HttpClient/4.5.13 (Java/21.0.4)[\r][\n]"
20:34:34.742 [Test worker] DEBUG org.apache.http.wire -  >> "Accept-Encoding: gzip,deflate[\r][\n]"
20:34:34.742 [Test worker] DEBUG org.apache.http.wire -  >> "[\r][\n]"
20:34:34.742 [Test worker] DEBUG org.apache.http.headers - >> GET /users HTTP/1.1
20:34:34.742 [Test worker] DEBUG org.apache.http.headers - >> Accept: */*
20:34:34.742 [Test worker] DEBUG org.apache.http.headers - >> Host: localhost:8080
20:34:34.742 [Test worker] DEBUG org.apache.http.headers - >> Connection: Keep-Alive
20:34:34.742 [Test worker] DEBUG org.apache.http.headers - >> User-Agent: Apache-HttpClient/4.5.13 (Java/21.0.4)
20:34:34.742 [Test worker] DEBUG org.apache.http.headers - >> Accept-Encoding: gzip,deflate
20:34:34.746 [Test worker] DEBUG org.apache.http.wire -  << "HTTP/1.1 200 [\r][\n]"
20:34:34.746 [Test worker] DEBUG org.apache.http.wire -  << "Content-Type: application/json[\r][\n]"
20:34:34.746 [Test worker] DEBUG org.apache.http.wire -  << "Transfer-Encoding: chunked[\r][\n]"
20:34:34.746 [Test worker] DEBUG org.apache.http.wire -  << "Date: Thu, 05 Sep 2024 18:34:33 GMT[\r][\n]"
20:34:34.746 [Test worker] DEBUG org.apache.http.wire -  << "Keep-Alive: timeout=60[\r][\n]"
20:34:34.746 [Test worker] DEBUG org.apache.http.wire -  << "Connection: keep-alive[\r][\n]"
20:34:34.746 [Test worker] DEBUG org.apache.http.wire -  << "[\r][\n]"
20:34:34.746 [Test worker] DEBUG org.apache.http.impl.conn.DefaultClientConnection - Receiving response: HTTP/1.1 200 
20:34:34.746 [Test worker] DEBUG org.apache.http.headers - << HTTP/1.1 200 
20:34:34.746 [Test worker] DEBUG org.apache.http.headers - << Content-Type: application/json
20:34:34.746 [Test worker] DEBUG org.apache.http.headers - << Transfer-Encoding: chunked
20:34:34.746 [Test worker] DEBUG org.apache.http.headers - << Date: Thu, 05 Sep 2024 18:34:33 GMT
20:34:34.746 [Test worker] DEBUG org.apache.http.headers - << Keep-Alive: timeout=60
20:34:34.746 [Test worker] DEBUG org.apache.http.headers - << Connection: keep-alive
20:34:34.746 [Test worker] DEBUG org.apache.http.impl.client.DefaultHttpClient - Connection can be kept alive for 60000 MILLISECONDS
20:34:34.746 [Test worker] DEBUG io.restassured.internal.RestAssuredHttpBuilder - Parsing response as: application/json
20:34:34.746 [Test worker] DEBUG io.restassured.internal.RestAssuredHttpBuilder - Parsed data to instance of: class org.apache.http.conn.EofSensorInputStream
20:34:34.746 [Test worker] DEBUG org.apache.http.wire -  << "73[\r][\n]"
20:34:34.746 [Test worker] DEBUG org.apache.http.wire -  << "[{"id":1,"username":"testuser","email":"test@example.com"},{"id":2,"username":"user2","email":"user2@example.com"}]"
20:34:34.746 [Test worker] DEBUG org.apache.http.wire -  << "[\r][\n]"
20:34:34.746 [Test worker] DEBUG org.apache.http.wire -  << "0[\r][\n]"
20:34:34.746 [Test worker] DEBUG org.apache.http.wire -  << "[\r][\n]"
20:34:34.746 [Test worker] DEBUG org.apache.http.impl.conn.BasicClientConnectionManager - Releasing connection org.apache.http.impl.conn.ManagedClientConnectionImpl@2001e48c
20:34:34.746 [Test worker] DEBUG org.apache.http.impl.conn.BasicClientConnectionManager - Connection can be kept alive for 60000 MILLISECONDS
20:34:34.770 [Test worker] DEBUG org.apache.http.impl.conn.BasicClientConnectionManager - Get connection for route {}->http://localhost:8080
20:34:34.770 [Test worker] DEBUG org.apache.http.impl.conn.DefaultClientConnectionOperator - Connecting to localhost:8080
20:34:34.770 [Test worker] DEBUG org.apache.http.client.protocol.RequestAddCookies - CookieSpec selected: ignoreCookies
20:34:34.770 [Test worker] DEBUG org.apache.http.client.protocol.RequestAuthCache - Auth cache not set in the context
20:34:34.770 [Test worker] DEBUG org.apache.http.client.protocol.RequestTargetAuthentication - Target auth state: UNCHALLENGED
20:34:34.774 [Test worker] DEBUG org.apache.http.client.protocol.RequestProxyAuthentication - Proxy auth state: UNCHALLENGED
20:34:34.774 [Test worker] DEBUG org.apache.http.impl.client.DefaultHttpClient - Attempt 1 to execute request
20:34:34.774 [Test worker] DEBUG org.apache.http.impl.conn.DefaultClientConnection - Sending request: POST /polls HTTP/1.1
20:34:34.774 [Test worker] DEBUG org.apache.http.wire -  >> "POST /polls HTTP/1.1[\r][\n]"
20:34:34.774 [Test worker] DEBUG org.apache.http.wire -  >> "Accept: */*[\r][\n]"
20:34:34.774 [Test worker] DEBUG org.apache.http.wire -  >> "Content-Type: application/json[\r][\n]"
20:34:34.774 [Test worker] DEBUG org.apache.http.wire -  >> "Content-Length: 66[\r][\n]"
20:34:34.774 [Test worker] DEBUG org.apache.http.wire -  >> "Host: localhost:8080[\r][\n]"
20:34:34.774 [Test worker] DEBUG org.apache.http.wire -  >> "Connection: Keep-Alive[\r][\n]"
20:34:34.774 [Test worker] DEBUG org.apache.http.wire -  >> "User-Agent: Apache-HttpClient/4.5.13 (Java/21.0.4)[\r][\n]"
20:34:34.774 [Test worker] DEBUG org.apache.http.wire -  >> "Accept-Encoding: gzip,deflate[\r][\n]"
20:34:34.774 [Test worker] DEBUG org.apache.http.wire -  >> "[\r][\n]"
20:34:34.774 [Test worker] DEBUG org.apache.http.headers - >> POST /polls HTTP/1.1
20:34:34.774 [Test worker] DEBUG org.apache.http.headers - >> Accept: */*
20:34:34.774 [Test worker] DEBUG org.apache.http.headers - >> Content-Type: application/json
20:34:34.774 [Test worker] DEBUG org.apache.http.headers - >> Content-Length: 66
20:34:34.774 [Test worker] DEBUG org.apache.http.headers - >> Host: localhost:8080
20:34:34.774 [Test worker] DEBUG org.apache.http.headers - >> Connection: Keep-Alive
20:34:34.774 [Test worker] DEBUG org.apache.http.headers - >> User-Agent: Apache-HttpClient/4.5.13 (Java/21.0.4)
20:34:34.774 [Test worker] DEBUG org.apache.http.headers - >> Accept-Encoding: gzip,deflate
20:34:34.774 [Test worker] DEBUG org.apache.http.wire -  >> "{"question": "What?", "publishedAt": "2024", "validUntil": "2025"}"
20:34:34.778 [Test worker] DEBUG org.apache.http.wire -  << "HTTP/1.1 201 [\r][\n]"
20:34:34.778 [Test worker] DEBUG org.apache.http.wire -  << "Content-Type: application/json[\r][\n]"
20:34:34.778 [Test worker] DEBUG org.apache.http.wire -  << "Transfer-Encoding: chunked[\r][\n]"
20:34:34.778 [Test worker] DEBUG org.apache.http.wire -  << "Date: Thu, 05 Sep 2024 18:34:33 GMT[\r][\n]"
20:34:34.778 [Test worker] DEBUG org.apache.http.wire -  << "Keep-Alive: timeout=60[\r][\n]"
20:34:34.778 [Test worker] DEBUG org.apache.http.wire -  << "Connection: keep-alive[\r][\n]"
20:34:34.778 [Test worker] DEBUG org.apache.http.wire -  << "[\r][\n]"
20:34:34.778 [Test worker] DEBUG org.apache.http.impl.conn.DefaultClientConnection - Receiving response: HTTP/1.1 201 
20:34:34.778 [Test worker] DEBUG org.apache.http.headers - << HTTP/1.1 201 
20:34:34.778 [Test worker] DEBUG org.apache.http.headers - << Content-Type: application/json
20:34:34.778 [Test worker] DEBUG org.apache.http.headers - << Transfer-Encoding: chunked
20:34:34.778 [Test worker] DEBUG org.apache.http.headers - << Date: Thu, 05 Sep 2024 18:34:33 GMT
20:34:34.782 [Test worker] DEBUG org.apache.http.headers - << Keep-Alive: timeout=60
20:34:34.782 [Test worker] DEBUG org.apache.http.headers - << Connection: keep-alive
20:34:34.782 [Test worker] DEBUG org.apache.http.impl.client.DefaultHttpClient - Connection can be kept alive for 60000 MILLISECONDS
20:34:34.782 [Test worker] DEBUG io.restassured.internal.RestAssuredHttpBuilder - Parsing response as: application/json
20:34:34.782 [Test worker] DEBUG io.restassured.internal.RestAssuredHttpBuilder - Parsed data to instance of: class org.apache.http.conn.EofSensorInputStream
20:34:34.782 [Test worker] DEBUG org.apache.http.wire -  << "44[\r][\n]"
20:34:34.782 [Test worker] DEBUG org.apache.http.wire -  << "{"id":1,"question":"What?","publishedAt":"2024","validUntil":"2025"}"
20:34:34.782 [Test worker] DEBUG org.apache.http.wire -  << "[\r][\n]"
20:34:34.782 [Test worker] DEBUG org.apache.http.wire -  << "0[\r][\n]"
20:34:34.782 [Test worker] DEBUG org.apache.http.wire -  << "[\r][\n]"
20:34:34.782 [Test worker] DEBUG org.apache.http.impl.conn.BasicClientConnectionManager - Releasing connection org.apache.http.impl.conn.ManagedClientConnectionImpl@73041b7d
20:34:34.782 [Test worker] DEBUG org.apache.http.impl.conn.BasicClientConnectionManager - Connection can be kept alive for 60000 MILLISECONDS
20:34:34.802 [Test worker] DEBUG org.apache.http.impl.conn.BasicClientConnectionManager - Get connection for route {}->http://localhost:8080
20:34:34.802 [Test worker] DEBUG org.apache.http.impl.conn.DefaultClientConnectionOperator - Connecting to localhost:8080
20:34:34.802 [Test worker] DEBUG org.apache.http.client.protocol.RequestAddCookies - CookieSpec selected: ignoreCookies
20:34:34.802 [Test worker] DEBUG org.apache.http.client.protocol.RequestAuthCache - Auth cache not set in the context
20:34:34.802 [Test worker] DEBUG org.apache.http.client.protocol.RequestTargetAuthentication - Target auth state: UNCHALLENGED
20:34:34.802 [Test worker] DEBUG org.apache.http.client.protocol.RequestProxyAuthentication - Proxy auth state: UNCHALLENGED
20:34:34.806 [Test worker] DEBUG org.apache.http.impl.client.DefaultHttpClient - Attempt 1 to execute request
20:34:34.806 [Test worker] DEBUG org.apache.http.impl.conn.DefaultClientConnection - Sending request: GET /polls HTTP/1.1
20:34:34.806 [Test worker] DEBUG org.apache.http.wire -  >> "GET /polls HTTP/1.1[\r][\n]"
20:34:34.806 [Test worker] DEBUG org.apache.http.wire -  >> "Accept: */*[\r][\n]"
20:34:34.806 [Test worker] DEBUG org.apache.http.wire -  >> "Host: localhost:8080[\r][\n]"
20:34:34.806 [Test worker] DEBUG org.apache.http.wire -  >> "Connection: Keep-Alive[\r][\n]"
20:34:34.806 [Test worker] DEBUG org.apache.http.wire -  >> "User-Agent: Apache-HttpClient/4.5.13 (Java/21.0.4)[\r][\n]"
20:34:34.806 [Test worker] DEBUG org.apache.http.wire -  >> "Accept-Encoding: gzip,deflate[\r][\n]"
20:34:34.806 [Test worker] DEBUG org.apache.http.wire -  >> "[\r][\n]"
20:34:34.806 [Test worker] DEBUG org.apache.http.headers - >> GET /polls HTTP/1.1
20:34:34.806 [Test worker] DEBUG org.apache.http.headers - >> Accept: */*
20:34:34.806 [Test worker] DEBUG org.apache.http.headers - >> Host: localhost:8080
20:34:34.806 [Test worker] DEBUG org.apache.http.headers - >> Connection: Keep-Alive
20:34:34.806 [Test worker] DEBUG org.apache.http.headers - >> User-Agent: Apache-HttpClient/4.5.13 (Java/21.0.4)
20:34:34.806 [Test worker] DEBUG org.apache.http.headers - >> Accept-Encoding: gzip,deflate
20:34:34.806 [Test worker] DEBUG org.apache.http.wire -  << "HTTP/1.1 200 [\r][\n]"
20:34:34.806 [Test worker] DEBUG org.apache.http.wire -  << "Content-Type: application/json[\r][\n]"
20:34:34.806 [Test worker] DEBUG org.apache.http.wire -  << "Transfer-Encoding: chunked[\r][\n]"
20:34:34.806 [Test worker] DEBUG org.apache.http.wire -  << "Date: Thu, 05 Sep 2024 18:34:33 GMT[\r][\n]"
20:34:34.806 [Test worker] DEBUG org.apache.http.wire -  << "Keep-Alive: timeout=60[\r][\n]"
20:34:34.806 [Test worker] DEBUG org.apache.http.wire -  << "Connection: keep-alive[\r][\n]"
20:34:34.806 [Test worker] DEBUG org.apache.http.wire -  << "[\r][\n]"
20:34:34.806 [Test worker] DEBUG org.apache.http.impl.conn.DefaultClientConnection - Receiving response: HTTP/1.1 200 
20:34:34.806 [Test worker] DEBUG org.apache.http.headers - << HTTP/1.1 200 
20:34:34.810 [Test worker] DEBUG org.apache.http.headers - << Content-Type: application/json
20:34:34.810 [Test worker] DEBUG org.apache.http.headers - << Transfer-Encoding: chunked
20:34:34.810 [Test worker] DEBUG org.apache.http.headers - << Date: Thu, 05 Sep 2024 18:34:33 GMT
20:34:34.810 [Test worker] DEBUG org.apache.http.headers - << Keep-Alive: timeout=60
20:34:34.810 [Test worker] DEBUG org.apache.http.headers - << Connection: keep-alive
20:34:34.810 [Test worker] DEBUG org.apache.http.impl.client.DefaultHttpClient - Connection can be kept alive for 60000 MILLISECONDS
20:34:34.810 [Test worker] DEBUG io.restassured.internal.RestAssuredHttpBuilder - Parsing response as: application/json
20:34:34.810 [Test worker] DEBUG io.restassured.internal.RestAssuredHttpBuilder - Parsed data to instance of: class org.apache.http.conn.EofSensorInputStream
20:34:34.810 [Test worker] DEBUG org.apache.http.wire -  << "46[\r][\n]"
20:34:34.810 [Test worker] DEBUG org.apache.http.wire -  << "[{"id":1,"question":"What?","publishedAt":"2024","validUntil":"2025"}]"
20:34:34.810 [Test worker] DEBUG org.apache.http.wire -  << "[\r][\n]"
20:34:34.810 [Test worker] DEBUG org.apache.http.wire -  << "0[\r][\n]"
20:34:34.810 [Test worker] DEBUG org.apache.http.wire -  << "[\r][\n]"
20:34:34.810 [Test worker] DEBUG org.apache.http.impl.conn.BasicClientConnectionManager - Releasing connection org.apache.http.impl.conn.ManagedClientConnectionImpl@73c31181
20:34:34.810 [Test worker] DEBUG org.apache.http.impl.conn.BasicClientConnectionManager - Connection can be kept alive for 60000 MILLISECONDS
20:34:34.826 [Test worker] DEBUG org.apache.http.impl.conn.BasicClientConnectionManager - Get connection for route {}->http://localhost:8080
20:34:34.826 [Test worker] DEBUG org.apache.http.impl.conn.DefaultClientConnectionOperator - Connecting to localhost:8080
20:34:34.826 [Test worker] DEBUG org.apache.http.client.protocol.RequestAddCookies - CookieSpec selected: ignoreCookies
20:34:34.826 [Test worker] DEBUG org.apache.http.client.protocol.RequestAuthCache - Auth cache not set in the context
20:34:34.826 [Test worker] DEBUG org.apache.http.client.protocol.RequestTargetAuthentication - Target auth state: UNCHALLENGED
20:34:34.826 [Test worker] DEBUG org.apache.http.client.protocol.RequestProxyAuthentication - Proxy auth state: UNCHALLENGED
20:34:34.826 [Test worker] DEBUG org.apache.http.impl.client.DefaultHttpClient - Attempt 1 to execute request
20:34:34.826 [Test worker] DEBUG org.apache.http.impl.conn.DefaultClientConnection - Sending request: POST /polls HTTP/1.1
20:34:34.826 [Test worker] DEBUG org.apache.http.wire -  >> "POST /polls HTTP/1.1[\r][\n]"
20:34:34.826 [Test worker] DEBUG org.apache.http.wire -  >> "Accept: */*[\r][\n]"
20:34:34.826 [Test worker] DEBUG org.apache.http.wire -  >> "Content-Type: application/json[\r][\n]"
20:34:34.826 [Test worker] DEBUG org.apache.http.wire -  >> "Content-Length: 121[\r][\n]"
20:34:34.830 [Test worker] DEBUG org.apache.http.wire -  >> "Host: localhost:8080[\r][\n]"
20:34:34.830 [Test worker] DEBUG org.apache.http.wire -  >> "Connection: Keep-Alive[\r][\n]"
20:34:34.830 [Test worker] DEBUG org.apache.http.wire -  >> "User-Agent: Apache-HttpClient/4.5.13 (Java/21.0.4)[\r][\n]"
20:34:34.830 [Test worker] DEBUG org.apache.http.wire -  >> "Accept-Encoding: gzip,deflate[\r][\n]"
20:34:34.830 [Test worker] DEBUG org.apache.http.wire -  >> "[\r][\n]"
20:34:34.830 [Test worker] DEBUG org.apache.http.headers - >> POST /polls HTTP/1.1
20:34:34.830 [Test worker] DEBUG org.apache.http.headers - >> Accept: */*
20:34:34.830 [Test worker] DEBUG org.apache.http.headers - >> Content-Type: application/json
20:34:34.830 [Test worker] DEBUG org.apache.http.headers - >> Content-Length: 121
20:34:34.830 [Test worker] DEBUG org.apache.http.headers - >> Host: localhost:8080
20:34:34.830 [Test worker] DEBUG org.apache.http.headers - >> Connection: Keep-Alive
20:34:34.830 [Test worker] DEBUG org.apache.http.headers - >> User-Agent: Apache-HttpClient/4.5.13 (Java/21.0.4)
20:34:34.830 [Test worker] DEBUG org.apache.http.headers - >> Accept-Encoding: gzip,deflate
20:34:34.830 [Test worker] DEBUG org.apache.http.wire -  >> "{"question": "What is your favorite color?", "publishedAt": "2024-09-05T00:00:00Z", "validUntil": "2024-09-10T00:00:00Z"}"
20:34:34.830 [Test worker] DEBUG org.apache.http.wire -  << "HTTP/1.1 201 [\r][\n]"
20:34:34.830 [Test worker] DEBUG org.apache.http.wire -  << "Content-Type: application/json[\r][\n]"
20:34:34.830 [Test worker] DEBUG org.apache.http.wire -  << "Transfer-Encoding: chunked[\r][\n]"
20:34:34.830 [Test worker] DEBUG org.apache.http.wire -  << "Date: Thu, 05 Sep 2024 18:34:33 GMT[\r][\n]"
20:34:34.830 [Test worker] DEBUG org.apache.http.wire -  << "Keep-Alive: timeout=60[\r][\n]"
20:34:34.830 [Test worker] DEBUG org.apache.http.wire -  << "Connection: keep-alive[\r][\n]"
20:34:34.830 [Test worker] DEBUG org.apache.http.wire -  << "[\r][\n]"
20:34:34.830 [Test worker] DEBUG org.apache.http.impl.conn.DefaultClientConnection - Receiving response: HTTP/1.1 201 
20:34:34.830 [Test worker] DEBUG org.apache.http.headers - << HTTP/1.1 201 
20:34:34.830 [Test worker] DEBUG org.apache.http.headers - << Content-Type: application/json
20:34:34.830 [Test worker] DEBUG org.apache.http.headers - << Transfer-Encoding: chunked
20:34:34.830 [Test worker] DEBUG org.apache.http.headers - << Date: Thu, 05 Sep 2024 18:34:33 GMT
20:34:34.830 [Test worker] DEBUG org.apache.http.headers - << Keep-Alive: timeout=60
20:34:34.830 [Test worker] DEBUG org.apache.http.headers - << Connection: keep-alive
20:34:34.830 [Test worker] DEBUG org.apache.http.impl.client.DefaultHttpClient - Connection can be kept alive for 60000 MILLISECONDS
20:34:34.830 [Test worker] DEBUG io.restassured.internal.RestAssuredHttpBuilder - Parsing response as: application/json
20:34:34.830 [Test worker] DEBUG io.restassured.internal.RestAssuredHttpBuilder - Parsed data to instance of: class org.apache.http.conn.EofSensorInputStream
20:34:34.838 [Test worker] DEBUG org.apache.http.impl.conn.BasicClientConnectionManager - Get connection for route {}->http://localhost:8080
20:34:34.838 [Test worker] DEBUG org.apache.http.impl.conn.DefaultClientConnectionOperator - Connecting to localhost:8080
20:34:34.838 [Test worker] DEBUG org.apache.http.client.protocol.RequestAddCookies - CookieSpec selected: ignoreCookies
20:34:34.838 [Test worker] DEBUG org.apache.http.client.protocol.RequestAuthCache - Auth cache not set in the context
20:34:34.838 [Test worker] DEBUG org.apache.http.client.protocol.RequestTargetAuthentication - Target auth state: UNCHALLENGED
20:34:34.838 [Test worker] DEBUG org.apache.http.client.protocol.RequestProxyAuthentication - Proxy auth state: UNCHALLENGED
20:34:34.838 [Test worker] DEBUG org.apache.http.impl.client.DefaultHttpClient - Attempt 1 to execute request
20:34:34.838 [Test worker] DEBUG org.apache.http.impl.conn.DefaultClientConnection - Sending request: POST /polls/1/voteOptions HTTP/1.1
20:34:34.838 [Test worker] DEBUG org.apache.http.wire -  >> "POST /polls/1/voteOptions HTTP/1.1[\r][\n]"
20:34:34.838 [Test worker] DEBUG org.apache.http.wire -  >> "Accept: */*[\r][\n]"
20:34:34.838 [Test worker] DEBUG org.apache.http.wire -  >> "Content-Type: application/json[\r][\n]"
20:34:34.838 [Test worker] DEBUG org.apache.http.wire -  >> "Content-Length: 47[\r][\n]"
20:34:34.838 [Test worker] DEBUG org.apache.http.wire -  >> "Host: localhost:8080[\r][\n]"
20:34:34.838 [Test worker] DEBUG org.apache.http.wire -  >> "Connection: Keep-Alive[\r][\n]"
20:34:34.838 [Test worker] DEBUG org.apache.http.wire -  >> "User-Agent: Apache-HttpClient/4.5.13 (Java/21.0.4)[\r][\n]"
20:34:34.838 [Test worker] DEBUG org.apache.http.wire -  >> "Accept-Encoding: gzip,deflate[\r][\n]"
20:34:34.838 [Test worker] DEBUG org.apache.http.wire -  >> "[\r][\n]"
20:34:34.838 [Test worker] DEBUG org.apache.http.headers - >> POST /polls/1/voteOptions HTTP/1.1
20:34:34.838 [Test worker] DEBUG org.apache.http.headers - >> Accept: */*
20:34:34.838 [Test worker] DEBUG org.apache.http.headers - >> Content-Type: application/json
20:34:34.838 [Test worker] DEBUG org.apache.http.headers - >> Content-Length: 47
20:34:34.838 [Test worker] DEBUG org.apache.http.headers - >> Host: localhost:8080
20:34:34.838 [Test worker] DEBUG org.apache.http.headers - >> Connection: Keep-Alive
20:34:34.838 [Test worker] DEBUG org.apache.http.headers - >> User-Agent: Apache-HttpClient/4.5.13 (Java/21.0.4)
20:34:34.838 [Test worker] DEBUG org.apache.http.headers - >> Accept-Encoding: gzip,deflate
20:34:34.838 [Test worker] DEBUG org.apache.http.wire -  >> "{"caption": "Option A", "presentationOrder": 1}"
20:34:34.846 [Test worker] DEBUG org.apache.http.wire -  << "HTTP/1.1 201 [\r][\n]"
20:34:34.850 [Test worker] DEBUG org.apache.http.wire -  << "Content-Type: application/json[\r][\n]"
20:34:34.850 [Test worker] DEBUG org.apache.http.wire -  << "Transfer-Encoding: chunked[\r][\n]"
20:34:34.850 [Test worker] DEBUG org.apache.http.wire -  << "Date: Thu, 05 Sep 2024 18:34:33 GMT[\r][\n]"
20:34:34.850 [Test worker] DEBUG org.apache.http.wire -  << "Keep-Alive: timeout=60[\r][\n]"
20:34:34.850 [Test worker] DEBUG org.apache.http.wire -  << "Connection: keep-alive[\r][\n]"
20:34:34.850 [Test worker] DEBUG org.apache.http.wire -  << "[\r][\n]"
20:34:34.850 [Test worker] DEBUG org.apache.http.impl.conn.DefaultClientConnection - Receiving response: HTTP/1.1 201 
20:34:34.850 [Test worker] DEBUG org.apache.http.headers - << HTTP/1.1 201 
20:34:34.850 [Test worker] DEBUG org.apache.http.headers - << Content-Type: application/json
20:34:34.850 [Test worker] DEBUG org.apache.http.headers - << Transfer-Encoding: chunked
20:34:34.850 [Test worker] DEBUG org.apache.http.headers - << Date: Thu, 05 Sep 2024 18:34:33 GMT
20:34:34.850 [Test worker] DEBUG org.apache.http.headers - << Keep-Alive: timeout=60
20:34:34.850 [Test worker] DEBUG org.apache.http.headers - << Connection: keep-alive
20:34:34.850 [Test worker] DEBUG org.apache.http.impl.client.DefaultHttpClient - Connection can be kept alive for 60000 MILLISECONDS
20:34:34.850 [Test worker] DEBUG io.restassured.internal.RestAssuredHttpBuilder - Parsing response as: application/json
20:34:34.850 [Test worker] DEBUG io.restassured.internal.RestAssuredHttpBuilder - Parsed data to instance of: class org.apache.http.conn.EofSensorInputStream
20:34:34.854 [Test worker] DEBUG org.apache.http.impl.conn.BasicClientConnectionManager - Get connection for route {}->http://localhost:8080
20:34:34.854 [Test worker] DEBUG org.apache.http.impl.conn.DefaultClientConnectionOperator - Connecting to localhost:8080
20:34:34.854 [Test worker] DEBUG org.apache.http.client.protocol.RequestAddCookies - CookieSpec selected: ignoreCookies
20:34:34.854 [Test worker] DEBUG org.apache.http.client.protocol.RequestAuthCache - Auth cache not set in the context
20:34:34.854 [Test worker] DEBUG org.apache.http.client.protocol.RequestTargetAuthentication - Target auth state: UNCHALLENGED
20:34:34.854 [Test worker] DEBUG org.apache.http.client.protocol.RequestProxyAuthentication - Proxy auth state: UNCHALLENGED
20:34:34.854 [Test worker] DEBUG org.apache.http.impl.client.DefaultHttpClient - Attempt 1 to execute request
20:34:34.854 [Test worker] DEBUG org.apache.http.impl.conn.DefaultClientConnection - Sending request: POST /polls/1/voteOptions HTTP/1.1
20:34:34.854 [Test worker] DEBUG org.apache.http.wire -  >> "POST /polls/1/voteOptions HTTP/1.1[\r][\n]"
20:34:34.854 [Test worker] DEBUG org.apache.http.wire -  >> "Accept: */*[\r][\n]"
20:34:34.854 [Test worker] DEBUG org.apache.http.wire -  >> "Content-Type: application/json[\r][\n]"
20:34:34.854 [Test worker] DEBUG org.apache.http.wire -  >> "Content-Length: 47[\r][\n]"
20:34:34.854 [Test worker] DEBUG org.apache.http.wire -  >> "Host: localhost:8080[\r][\n]"
20:34:34.854 [Test worker] DEBUG org.apache.http.wire -  >> "Connection: Keep-Alive[\r][\n]"
20:34:34.854 [Test worker] DEBUG org.apache.http.wire -  >> "User-Agent: Apache-HttpClient/4.5.13 (Java/21.0.4)[\r][\n]"
20:34:34.854 [Test worker] DEBUG org.apache.http.wire -  >> "Accept-Encoding: gzip,deflate[\r][\n]"
20:34:34.854 [Test worker] DEBUG org.apache.http.wire -  >> "[\r][\n]"
20:34:34.854 [Test worker] DEBUG org.apache.http.headers - >> POST /polls/1/voteOptions HTTP/1.1
20:34:34.854 [Test worker] DEBUG org.apache.http.headers - >> Accept: */*
20:34:34.854 [Test worker] DEBUG org.apache.http.headers - >> Content-Type: application/json
20:34:34.854 [Test worker] DEBUG org.apache.http.headers - >> Content-Length: 47
20:34:34.854 [Test worker] DEBUG org.apache.http.headers - >> Host: localhost:8080
20:34:34.854 [Test worker] DEBUG org.apache.http.headers - >> Connection: Keep-Alive
20:34:34.854 [Test worker] DEBUG org.apache.http.headers - >> User-Agent: Apache-HttpClient/4.5.13 (Java/21.0.4)
20:34:34.854 [Test worker] DEBUG org.apache.http.headers - >> Accept-Encoding: gzip,deflate
20:34:34.854 [Test worker] DEBUG org.apache.http.wire -  >> "{"caption": "Option B", "presentationOrder": 2}"
20:34:34.862 [Test worker] DEBUG org.apache.http.wire -  << "HTTP/1.1 201 [\r][\n]"
20:34:34.862 [Test worker] DEBUG org.apache.http.wire -  << "Content-Type: application/json[\r][\n]"
20:34:34.862 [Test worker] DEBUG org.apache.http.wire -  << "Transfer-Encoding: chunked[\r][\n]"
20:34:34.862 [Test worker] DEBUG org.apache.http.wire -  << "Date: Thu, 05 Sep 2024 18:34:33 GMT[\r][\n]"
20:34:34.862 [Test worker] DEBUG org.apache.http.wire -  << "Keep-Alive: timeout=60[\r][\n]"
20:34:34.862 [Test worker] DEBUG org.apache.http.wire -  << "Connection: keep-alive[\r][\n]"
20:34:34.862 [Test worker] DEBUG org.apache.http.wire -  << "[\r][\n]"
20:34:34.862 [Test worker] DEBUG org.apache.http.impl.conn.DefaultClientConnection - Receiving response: HTTP/1.1 201 
20:34:34.862 [Test worker] DEBUG org.apache.http.headers - << HTTP/1.1 201 
20:34:34.862 [Test worker] DEBUG org.apache.http.headers - << Content-Type: application/json
20:34:34.862 [Test worker] DEBUG org.apache.http.headers - << Transfer-Encoding: chunked
20:34:34.862 [Test worker] DEBUG org.apache.http.headers - << Date: Thu, 05 Sep 2024 18:34:33 GMT
20:34:34.862 [Test worker] DEBUG org.apache.http.headers - << Keep-Alive: timeout=60
20:34:34.862 [Test worker] DEBUG org.apache.http.headers - << Connection: keep-alive
20:34:34.862 [Test worker] DEBUG org.apache.http.impl.client.DefaultHttpClient - Connection can be kept alive for 60000 MILLISECONDS
20:34:34.862 [Test worker] DEBUG io.restassured.internal.RestAssuredHttpBuilder - Parsing response as: application/json
20:34:34.862 [Test worker] DEBUG io.restassured.internal.RestAssuredHttpBuilder - Parsed data to instance of: class org.apache.http.conn.EofSensorInputStream
20:34:34.866 [Test worker] DEBUG org.apache.http.impl.conn.BasicClientConnectionManager - Get connection for route {}->http://localhost:8080
20:34:34.866 [Test worker] DEBUG org.apache.http.impl.conn.DefaultClientConnectionOperator - Connecting to localhost:8080
20:34:34.866 [Test worker] DEBUG org.apache.http.client.protocol.RequestAddCookies - CookieSpec selected: ignoreCookies
20:34:34.866 [Test worker] DEBUG org.apache.http.client.protocol.RequestAuthCache - Auth cache not set in the context
20:34:34.866 [Test worker] DEBUG org.apache.http.client.protocol.RequestTargetAuthentication - Target auth state: UNCHALLENGED
20:34:34.866 [Test worker] DEBUG org.apache.http.client.protocol.RequestProxyAuthentication - Proxy auth state: UNCHALLENGED
20:34:34.866 [Test worker] DEBUG org.apache.http.impl.client.DefaultHttpClient - Attempt 1 to execute request
20:34:34.866 [Test worker] DEBUG org.apache.http.impl.conn.DefaultClientConnection - Sending request: POST /polls/1/votes HTTP/1.1
20:34:34.866 [Test worker] DEBUG org.apache.http.wire -  >> "POST /polls/1/votes HTTP/1.1[\r][\n]"
20:34:34.866 [Test worker] DEBUG org.apache.http.wire -  >> "Accept: */*[\r][\n]"
20:34:34.866 [Test worker] DEBUG org.apache.http.wire -  >> "Content-Type: application/json[\r][\n]"
20:34:34.866 [Test worker] DEBUG org.apache.http.wire -  >> "Content-Length: 45[\r][\n]"
20:34:34.866 [Test worker] DEBUG org.apache.http.wire -  >> "Host: localhost:8080[\r][\n]"
20:34:34.866 [Test worker] DEBUG org.apache.http.wire -  >> "Connection: Keep-Alive[\r][\n]"
20:34:34.866 [Test worker] DEBUG org.apache.http.wire -  >> "User-Agent: Apache-HttpClient/4.5.13 (Java/21.0.4)[\r][\n]"
20:34:34.866 [Test worker] DEBUG org.apache.http.wire -  >> "Accept-Encoding: gzip,deflate[\r][\n]"
20:34:34.866 [Test worker] DEBUG org.apache.http.wire -  >> "[\r][\n]"
20:34:34.866 [Test worker] DEBUG org.apache.http.headers - >> POST /polls/1/votes HTTP/1.1
20:34:34.866 [Test worker] DEBUG org.apache.http.headers - >> Accept: */*
20:34:34.866 [Test worker] DEBUG org.apache.http.headers - >> Content-Type: application/json
20:34:34.866 [Test worker] DEBUG org.apache.http.headers - >> Content-Length: 45
20:34:34.866 [Test worker] DEBUG org.apache.http.headers - >> Host: localhost:8080
20:34:34.866 [Test worker] DEBUG org.apache.http.headers - >> Connection: Keep-Alive
20:34:34.870 [Test worker] DEBUG org.apache.http.headers - >> User-Agent: Apache-HttpClient/4.5.13 (Java/21.0.4)
20:34:34.870 [Test worker] DEBUG org.apache.http.headers - >> Accept-Encoding: gzip,deflate
20:34:34.870 [Test worker] DEBUG org.apache.http.wire -  >> "{"userId": 1, "pollId": 1, "voteOptionId": 1}"
20:34:34.874 [Test worker] DEBUG org.apache.http.wire -  << "HTTP/1.1 201 [\r][\n]"
20:34:34.874 [Test worker] DEBUG org.apache.http.wire -  << "Content-Type: application/json[\r][\n]"
20:34:34.874 [Test worker] DEBUG org.apache.http.wire -  << "Transfer-Encoding: chunked[\r][\n]"
20:34:34.874 [Test worker] DEBUG org.apache.http.wire -  << "Date: Thu, 05 Sep 2024 18:34:33 GMT[\r][\n]"
20:34:34.874 [Test worker] DEBUG org.apache.http.wire -  << "Keep-Alive: timeout=60[\r][\n]"
20:34:34.874 [Test worker] DEBUG org.apache.http.wire -  << "Connection: keep-alive[\r][\n]"
20:34:34.874 [Test worker] DEBUG org.apache.http.wire -  << "[\r][\n]"
20:34:34.874 [Test worker] DEBUG org.apache.http.impl.conn.DefaultClientConnection - Receiving response: HTTP/1.1 201 
20:34:34.874 [Test worker] DEBUG org.apache.http.headers - << HTTP/1.1 201 
20:34:34.874 [Test worker] DEBUG org.apache.http.headers - << Content-Type: application/json
20:34:34.874 [Test worker] DEBUG org.apache.http.headers - << Transfer-Encoding: chunked
20:34:34.874 [Test worker] DEBUG org.apache.http.headers - << Date: Thu, 05 Sep 2024 18:34:33 GMT
20:34:34.874 [Test worker] DEBUG org.apache.http.headers - << Keep-Alive: timeout=60
20:34:34.874 [Test worker] DEBUG org.apache.http.headers - << Connection: keep-alive
20:34:34.874 [Test worker] DEBUG org.apache.http.impl.client.DefaultHttpClient - Connection can be kept alive for 60000 MILLISECONDS
20:34:34.874 [Test worker] DEBUG io.restassured.internal.RestAssuredHttpBuilder - Parsing response as: application/json
20:34:34.874 [Test worker] DEBUG io.restassured.internal.RestAssuredHttpBuilder - Parsed data to instance of: class org.apache.http.conn.EofSensorInputStream
]]></system-out>
  <system-err><![CDATA[]]></system-err>
</testsuite>
